<?xml version="1.0" encoding="UTF-8"?>
<!-- Generated by org.testng.reporters.JUnitReportReporter -->
<testsuite skipped="0" hostname="LuckyPC" name="spicejet.com.tests.testHompage" tests="1" failures="0" timestamp="04 Apr 2020 18:37:32 GMT" time="15.587" errors="0">
  <testcase name="ValidateTitle" time="15.587" classname="spicejet.com.tests.testHompage"/>
</testsuite> <!-- spicejet.com.tests.testHompage -->
