<?xml version="1.0" encoding="UTF-8"?>
<!-- Generated by org.testng.reporters.JUnitReportReporter -->
<testsuite skipped="0" hostname="LuckyPC" name="spicejet.com.tests.testHompage" tests="1" failures="0" timestamp="08 Sep 2020 16:27:56 GMT" time="28.238" errors="0">
  <testcase name="ValidateTitle" time="28.238" classname="spicejet.com.tests.testHompage"/>
</testsuite> <!-- spicejet.com.tests.testHompage -->
